<?xml version="1.0" encoding="UTF-8"?>
<!-- Generated by org.testng.reporters.JUnitReportReporter -->
<testsuite hostname="DESKTOP-URSRCI3" failures="0" tests="1" name="com.TestClasses.TC002_VendorLoginPage" time="1.177" errors="0" timestamp="2024-09-06T09:46:20 IST" skipped="0">
  <testcase classname="com.TestClasses.TC002_VendorLoginPage" name="validLoginVendor" time="1.177"/>
</testsuite> <!-- com.TestClasses.TC002_VendorLoginPage -->
